[debug] [2024-12-18T07:40:24.660Z] ----------------------------------------------------------------------
[debug] [2024-12-18T07:40:24.663Z] Command:       /usr/local/share/nvm/versions/node/v20.17.0/bin/node /home/codespace/nvm/current/bin/firebase emulators:start
[debug] [2024-12-18T07:40:24.664Z] CLI Version:   13.28.0
[debug] [2024-12-18T07:40:24.664Z] Platform:      linux
[debug] [2024-12-18T07:40:24.664Z] Node Version:  v20.17.0
[debug] [2024-12-18T07:40:24.664Z] Time:          Wed Dec 18 2024 07:40:24 GMT+0000 (Coordinated Universal Time)
[debug] [2024-12-18T07:40:24.664Z] Env Overrides: GITHUB_API_URL, GITHUB_API_URL
[debug] [2024-12-18T07:40:24.665Z] ----------------------------------------------------------------------
[debug] 
[debug] [2024-12-18T07:40:24.752Z] Object ".emulators.functions" in "firebase.json" has unknown property: {"additionalProperty":"timeout"}
[debug] [2024-12-18T07:40:24.756Z] > command requires scopes: ["email","openid","https://www.googleapis.com/auth/cloudplatformprojects.readonly","https://www.googleapis.com/auth/firebase","https://www.googleapis.com/auth/cloud-platform"]
[debug] [2024-12-18T07:40:24.756Z] > authorizing via signed-in user (jameswgunterlll@gmail.com)
[debug] [2024-12-18T07:40:24.795Z] openjdk version "21.0.4" 2024-07-16 LTS
OpenJDK Runtime Environment Microsoft-9889606 (build 21.0.4+7-LTS)
OpenJDK 64-Bit Server VM Microsoft-9889606 (build 21.0.4+7-LTS, mixed mode, sharing)

[debug] [2024-12-18T07:40:24.800Z] Parsed Java major version: 21
[info] i  emulators: Starting emulators: auth, functions, firestore, extensions {"metadata":{"emulator":{"name":"hub"},"message":"Starting emulators: auth, functions, firestore, extensions"}}
[debug] [2024-12-18T07:40:24.802Z] Checked if tokens are valid: true, expires at: 1734509917549
[debug] [2024-12-18T07:40:24.802Z] Checked if tokens are valid: true, expires at: 1734509917549
[debug] [2024-12-18T07:40:24.803Z] >>> [apiv2][query] GET https://cloudresourcemanager.googleapis.com/v1/projects/bot-e5092 [none]
[debug] [2024-12-18T07:40:24.988Z] <<< [apiv2][status] GET https://cloudresourcemanager.googleapis.com/v1/projects/bot-e5092 200
[debug] [2024-12-18T07:40:24.988Z] <<< [apiv2][body] GET https://cloudresourcemanager.googleapis.com/v1/projects/bot-e5092 {"projectNumber":"960938377699","projectId":"bot-e5092","lifecycleState":"ACTIVE","name":"Youtube Bot","labels":{"firebase":"enabled","generative-language":"enabled"},"createTime":"2024-10-19T02:20:34.886911Z"}
[debug] [2024-12-18T07:40:24.992Z] [logging] Logging Emulator only supports listening on one address (127.0.0.1). Not listening on ::1
[debug] [2024-12-18T07:40:24.992Z] [auth] Authentication Emulator only supports listening on one address (127.0.0.1). Not listening on ::1
[debug] [2024-12-18T07:40:24.993Z] [firestore] Firestore Emulator only supports listening on one address (127.0.0.1). Not listening on ::1
[debug] [2024-12-18T07:40:24.993Z] [firestore.websocket] websocket server for firestore only supports listening on one address (127.0.0.1). Not listening on ::1
[debug] [2024-12-18T07:40:24.993Z] assigned listening specs for emulators {"user":{"hub":[{"address":"127.0.0.1","family":"IPv4","port":4400},{"address":"::1","family":"IPv6","port":4400}],"ui":[{"address":"127.0.0.1","family":"IPv4","port":4000},{"address":"::1","family":"IPv6","port":4000}],"logging":[{"address":"127.0.0.1","family":"IPv4","port":4500}],"auth":[{"address":"127.0.0.1","family":"IPv4","port":8000}],"firestore":[{"address":"127.0.0.1","family":"IPv4","port":8002}],"firestore.websocket":[{"address":"127.0.0.1","family":"IPv4","port":9150}]},"metadata":{"message":"assigned listening specs for emulators"}}
[debug] [2024-12-18T07:40:24.998Z] [hub] writing locator at /tmp/hub-bot-e5092.json
[debug] [2024-12-18T07:40:25.004Z] [Extensions] Started Extensions emulator, this is a noop.
[debug] [2024-12-18T07:40:25.005Z] [functions] Functions Emulator only supports listening on one address (127.0.0.1). Not listening on ::1
[debug] [2024-12-18T07:40:25.005Z] [eventarc] Eventarc Emulator only supports listening on one address (127.0.0.1). Not listening on ::1
[debug] [2024-12-18T07:40:25.005Z] [tasks] Cloud Tasks Emulator only supports listening on one address (127.0.0.1). Not listening on ::1
[debug] [2024-12-18T07:40:25.005Z] late-assigned ports for functions and eventarc emulators {"user":{"hub":[{"address":"127.0.0.1","family":"IPv4","port":4400},{"address":"::1","family":"IPv6","port":4400}],"ui":[{"address":"127.0.0.1","family":"IPv4","port":4000},{"address":"::1","family":"IPv6","port":4000}],"logging":[{"address":"127.0.0.1","family":"IPv4","port":4500}],"auth":[{"address":"127.0.0.1","family":"IPv4","port":8000}],"firestore":[{"address":"127.0.0.1","family":"IPv4","port":8002}],"firestore.websocket":[{"address":"127.0.0.1","family":"IPv4","port":9150}],"functions":[{"address":"127.0.0.1","family":"IPv4","port":8001}],"eventarc":[{"address":"127.0.0.1","family":"IPv4","port":9299}],"tasks":[{"address":"127.0.0.1","family":"IPv4","port":9499}]},"metadata":{"message":"late-assigned ports for functions and eventarc emulators"}}
[warn] ⚠  functions: The following emulators are not running, calls to these services from the Functions emulator will affect production: apphosting, database, hosting, pubsub, storage, dataconnect {"metadata":{"emulator":{"name":"functions"},"message":"The following emulators are not running, calls to these services from the Functions emulator will affect production: \u001b[1mapphosting, database, hosting, pubsub, storage, dataconnect\u001b[22m"}}
[debug] [2024-12-18T07:40:25.008Z] defaultcredentials: writing to file /home/codespace/.config/firebase/jameswgunterlll_gmail_com_application_default_credentials.json
[debug] [2024-12-18T07:40:25.010Z] Setting GAC to /home/codespace/.config/firebase/jameswgunterlll_gmail_com_application_default_credentials.json {"metadata":{"emulator":{"name":"functions"},"message":"Setting GAC to /home/codespace/.config/firebase/jameswgunterlll_gmail_com_application_default_credentials.json"}}
[debug] [2024-12-18T07:40:25.010Z] Checked if tokens are valid: true, expires at: 1734509917549
[debug] [2024-12-18T07:40:25.010Z] Checked if tokens are valid: true, expires at: 1734509917549
[debug] [2024-12-18T07:40:25.010Z] >>> [apiv2][query] GET https://firebase.googleapis.com/v1beta1/projects/bot-e5092/adminSdkConfig [none]
[debug] [2024-12-18T07:40:25.509Z] <<< [apiv2][status] GET https://firebase.googleapis.com/v1beta1/projects/bot-e5092/adminSdkConfig 200
[debug] [2024-12-18T07:40:25.509Z] <<< [apiv2][body] GET https://firebase.googleapis.com/v1beta1/projects/bot-e5092/adminSdkConfig {"projectId":"bot-e5092","storageBucket":"bot-e5092.appspot.com","locationId":"us-central"}
[debug] [2024-12-18T07:40:25.520Z] Ignoring unsupported arg: auto_download {"metadata":{"emulator":{"name":"firestore"},"message":"Ignoring unsupported arg: auto_download"}}
[debug] [2024-12-18T07:40:25.521Z] Ignoring unsupported arg: single_project_mode_error {"metadata":{"emulator":{"name":"firestore"},"message":"Ignoring unsupported arg: single_project_mode_error"}}
[debug] [2024-12-18T07:40:25.521Z] Starting Firestore Emulator with command {"binary":"java","args":["-Dgoogle.cloud_firestore.debug_log_level=FINE","-Duser.language=en","-jar","/home/codespace/.cache/firebase/emulators/cloud-firestore-emulator-v1.19.8.jar","--host","127.0.0.1","--port",8002,"--websocket_port",9150,"--project_id","bot-e5092","--rules","/workspaces/Youtube-Bot/firestore.rules","--single_project_mode",true,"--functions_emulator","127.0.0.1:8001"],"optionalArgs":["port","webchannel_port","host","rules","websocket_port","functions_emulator","seed_from_export","project_id","single_project_mode"],"joinArgs":false,"shell":false,"port":8002} {"metadata":{"emulator":{"name":"firestore"},"message":"Starting Firestore Emulator with command {\"binary\":\"java\",\"args\":[\"-Dgoogle.cloud_firestore.debug_log_level=FINE\",\"-Duser.language=en\",\"-jar\",\"/home/codespace/.cache/firebase/emulators/cloud-firestore-emulator-v1.19.8.jar\",\"--host\",\"127.0.0.1\",\"--port\",8002,\"--websocket_port\",9150,\"--project_id\",\"bot-e5092\",\"--rules\",\"/workspaces/Youtube-Bot/firestore.rules\",\"--single_project_mode\",true,\"--functions_emulator\",\"127.0.0.1:8001\"],\"optionalArgs\":[\"port\",\"webchannel_port\",\"host\",\"rules\",\"websocket_port\",\"functions_emulator\",\"seed_from_export\",\"project_id\",\"single_project_mode\"],\"joinArgs\":false,\"shell\":false,\"port\":8002}"}}
[info] i  firestore: Firestore Emulator logging to firestore-debug.log {"metadata":{"emulator":{"name":"firestore"},"message":"Firestore Emulator logging to \u001b[1mfirestore-debug.log\u001b[22m"}}
[debug] [2024-12-18T07:40:26.787Z] Dec 18, 2024 7:40:26 AM com.google.cloud.datastore.emulator.firestore.websocket.WebSocketServer start
INFO: Started WebSocket server on ws://127.0.0.1:9150
 {"metadata":{"emulator":{"name":"firestore"},"message":"Dec 18, 2024 7:40:26 AM com.google.cloud.datastore.emulator.firestore.websocket.WebSocketServer start\nINFO: Started WebSocket server on ws://127.0.0.1:9150\n"}}
[debug] [2024-12-18T07:40:26.815Z] API endpoint: http:// {"metadata":{"emulator":{"name":"firestore"},"message":"API endpoint: http://"}}
[debug] [2024-12-18T07:40:26.815Z] 127.0.0.1:8002
If you are using a library that supports the FIRESTORE_EMULATOR_HOST environment variable, run:

   export FIRESTORE_EMULATOR_HOST=127.0.0.1:8002 {"metadata":{"emulator":{"name":"firestore"},"message":"127.0.0.1:8002\nIf you are using a library that supports the FIRESTORE_EMULATOR_HOST environment variable, run:\n\n   export FIRESTORE_EMULATOR_HOST=127.0.0.1:8002"}}
[debug] [2024-12-18T07:40:26.815Z] 

If you are running a Firestore in Datastore Mode project, run:

   export DATASTORE_EMULATOR_HOST=127.0.0.1:8002

Note: Support for Datastore Mode is in preview. If you encounter any bugs please file at https://github.com/firebase/firebase-tools/issues.
Dev App Server is now running.

 {"metadata":{"emulator":{"name":"firestore"},"message":"\n\nIf you are running a Firestore in Datastore Mode project, run:\n\n   export DATASTORE_EMULATOR_HOST=127.0.0.1:8002\n\nNote: Support for Datastore Mode is in preview. If you encounter any bugs please file at https://github.com/firebase/firebase-tools/issues.\nDev App Server is now running.\n\n"}}
[info] ✔  firestore: Firestore Emulator UI websocket is running on 9150. {"metadata":{"emulator":{"name":"firestore"},"message":"Firestore Emulator UI websocket is running on 9150."}}
[debug] [2024-12-18T07:40:33.237Z] [Extensions] Connecting Extensions emulator, this is a noop.
[info] i  functions: Watching "/workspaces/Youtube-Bot/functions" for Cloud Functions... {"metadata":{"emulator":{"name":"functions"},"message":"Watching \"/workspaces/Youtube-Bot/functions\" for Cloud Functions..."}}
[debug] [2024-12-18T07:40:33.242Z] Validating nodejs source
[debug] [2024-12-18T07:40:33.658Z] > [functions] package.json contents: {
  "name": "functions",
  "description": "Cloud Functions for Firebase",
  "scripts": {
    "lint": "eslint .",
    "serve": "firebase emulators:start --only functions",
    "shell": "firebase functions:shell",
    "start": "npm run shell",
    "deploy": "firebase deploy --only functions",
    "logs": "firebase functions:log"
  },
  "engines": {
    "node": "18"
  },
  "main": "index.js",
  "dependencies": {
    "@ffmpeg/ffmpeg": "^0.12.10",
    "@ffmpeg/util": "^0.12.1",
    "@google/generative-ai": "^0.21.0",
    "axios": "^1.7.7",
    "canvas": "^2.11.2",
    "cloudinary": "^2.5.1",
    "cmudict": "^1.0.2",
    "firebase-admin": "^12.7.0",
    "firebase-functions": "^6.1.2",
    "fluent-ffmpeg": "^2.1.3",
    "fs-extra": "^11.2.0",
    "node-fetch": "^3.3.2",
    "youtube-dl-exec": "^3.0.10"
  },
  "devDependencies": {
    "eslint": "^8.15.0",
    "eslint-config-google": "^0.14.0",
    "firebase-functions-test": "^3.3.0"
  },
  "private": true
}
[debug] [2024-12-18T07:40:33.659Z] Building nodejs source
[debug] [2024-12-18T07:40:33.659Z] Failed to find version of module node: reached end of search path /workspaces/Youtube-Bot/functions/node_modules
[warn] ⚠  functions: Your requested "node" version "18" doesn't match your global version "20". Using node@20 from host. 
[info] i  functions: Loaded environment variables from .env. 
[debug] [2024-12-18T07:40:33.665Z] Could not find functions.yaml. Must use http discovery
[debug] [2024-12-18T07:40:33.667Z] Found firebase-functions binary at '/workspaces/Youtube-Bot/functions/node_modules/.bin/firebase-functions'
[info] Serving at port 8963

[debug] [2024-12-18T07:40:34.311Z] Got response from /__/functions.yaml {"endpoints":{"coreLogic":{"availableMemoryMb":2048,"timeoutSeconds":540,"minInstances":0,"maxInstances":100,"ingressSettings":null,"concurrency":null,"serviceAccountEmail":null,"vpc":null,"platform":"gcfv2","labels":{},"httpsTrigger":{},"entryPoint":"coreLogic"},"character":{"availableMemoryMb":null,"timeoutSeconds":null,"minInstances":null,"maxInstances":null,"ingressSettings":null,"concurrency":null,"serviceAccountEmail":null,"vpc":null,"platform":"gcfv2","labels":{},"eventTrigger":{"eventType":"google.cloud.pubsub.topic.v1.messagePublished","eventFilters":{"topic":"add-character"},"retry":false},"entryPoint":"character"}},"specVersion":"v1alpha1","requiredAPIs":[],"extensions":{}}
[debug] [2024-12-18T07:40:39.335Z] defaultcredentials: writing to file /home/codespace/.config/firebase/jameswgunterlll_gmail_com_application_default_credentials.json
[debug] [2024-12-18T07:40:39.337Z] Setting GAC to /home/codespace/.config/firebase/jameswgunterlll_gmail_com_application_default_credentials.json {"metadata":{"emulator":{"name":"functions"},"message":"Setting GAC to /home/codespace/.config/firebase/jameswgunterlll_gmail_com_application_default_credentials.json"}}
[info] ✔  functions: Loaded functions definitions from source: coreLogic, character. {"metadata":{"emulator":{"name":"functions"},"message":"Loaded functions definitions from source: coreLogic, character."}}
[info] ✔  functions[us-central1-coreLogic]: http function initialized (http://127.0.0.1:8001/bot-e5092/us-central1/coreLogic). {"metadata":{"emulator":{"name":"functions"},"message":"\u001b[1mhttp\u001b[22m function initialized (http://127.0.0.1:8001/bot-e5092/us-central1/coreLogic)."}}
[info] i  functions[us-central1-character]: function ignored because the pubsub emulator does not exist or is not running. {"metadata":{"emulator":{"name":"functions"},"message":"function ignored because the pubsub emulator does not exist or is not running."}}
[debug] [2024-12-18T07:40:39.345Z] Could not find VSCode notification endpoint: FetchError: request to http://localhost:40001/vscode/notify failed, reason: . If you are not running the Firebase Data Connect VSCode extension, this is expected and not an issue.
[info] 
┌─────────────────────────────────────────────────────────────┐
│ ✔  All emulators ready! It is now safe to connect your app. │
│ i  View Emulator UI at http://127.0.0.1:4000/               │
└─────────────────────────────────────────────────────────────┘

┌────────────────┬────────────────┬──────────────────────────────────┐
│ Emulator       │ Host:Port      │ View in Emulator UI              │
├────────────────┼────────────────┼──────────────────────────────────┤
│ Authentication │ 127.0.0.1:8000 │ http://127.0.0.1:4000/auth       │
├────────────────┼────────────────┼──────────────────────────────────┤
│ Functions      │ 127.0.0.1:8001 │ http://127.0.0.1:4000/functions  │
├────────────────┼────────────────┼──────────────────────────────────┤
│ Firestore      │ 127.0.0.1:8002 │ http://127.0.0.1:4000/firestore  │
├────────────────┼────────────────┼──────────────────────────────────┤
│ Extensions     │ 127.0.0.1:8001 │ http://127.0.0.1:4000/extensions │
└────────────────┴────────────────┴──────────────────────────────────┘
  Emulator Hub running at 127.0.0.1:4400
  Other reserved ports: 4500, 9150
┌─────────────────────────┬───────────────┬─────────────────────┐
│ Extension Instance Name │ Extension Ref │ View in Emulator UI │
└─────────────────────────┴───────────────┴─────────────────────┘
Issues? Report them at https://github.com/firebase/firebase-tools/issues and attach the *-debug.log files.
 
[debug] [2024-12-18T07:41:07.183Z] File /workspaces/Youtube-Bot/functions/index.js changed, reloading triggers {"metadata":{"emulator":{"name":"functions"},"message":"File /workspaces/Youtube-Bot/functions/index.js changed, reloading triggers"}}
[debug] [2024-12-18T07:41:08.184Z] Validating nodejs source
[debug] [2024-12-18T07:41:08.651Z] > [functions] package.json contents: {
  "name": "functions",
  "description": "Cloud Functions for Firebase",
  "scripts": {
    "lint": "eslint .",
    "serve": "firebase emulators:start --only functions",
    "shell": "firebase functions:shell",
    "start": "npm run shell",
    "deploy": "firebase deploy --only functions",
    "logs": "firebase functions:log"
  },
  "engines": {
    "node": "18"
  },
  "main": "index.js",
  "dependencies": {
    "@ffmpeg/ffmpeg": "^0.12.10",
    "@ffmpeg/util": "^0.12.1",
    "@google/generative-ai": "^0.21.0",
    "axios": "^1.7.7",
    "canvas": "^2.11.2",
    "cloudinary": "^2.5.1",
    "cmudict": "^1.0.2",
    "firebase-admin": "^12.7.0",
    "firebase-functions": "^6.1.2",
    "fluent-ffmpeg": "^2.1.3",
    "fs-extra": "^11.2.0",
    "node-fetch": "^3.3.2",
    "youtube-dl-exec": "^3.0.10"
  },
  "devDependencies": {
    "eslint": "^8.15.0",
    "eslint-config-google": "^0.14.0",
    "firebase-functions-test": "^3.3.0"
  },
  "private": true
}
[debug] [2024-12-18T07:41:08.651Z] Building nodejs source
[debug] [2024-12-18T07:41:08.651Z] Failed to find version of module node: reached end of search path /workspaces/Youtube-Bot/functions/node_modules
[warn] ⚠  functions: Your requested "node" version "18" doesn't match your global version "20". Using node@20 from host. 
[info] i  functions: Loaded environment variables from .env. 
[debug] [2024-12-18T07:41:08.652Z] Could not find functions.yaml. Must use http discovery
[debug] [2024-12-18T07:41:08.653Z] Found firebase-functions binary at '/workspaces/Youtube-Bot/functions/node_modules/.bin/firebase-functions'
[info] Serving at port 8195

[debug] [2024-12-18T07:41:09.250Z] Got response from /__/functions.yaml {"endpoints":{"coreLogic":{"availableMemoryMb":2048,"timeoutSeconds":540,"minInstances":0,"maxInstances":100,"ingressSettings":null,"concurrency":null,"serviceAccountEmail":null,"vpc":null,"platform":"gcfv2","labels":{},"httpsTrigger":{},"entryPoint":"coreLogic"},"character":{"availableMemoryMb":null,"timeoutSeconds":null,"minInstances":null,"maxInstances":null,"ingressSettings":null,"concurrency":null,"serviceAccountEmail":null,"vpc":null,"platform":"gcfv2","labels":{},"eventTrigger":{"eventType":"google.cloud.pubsub.topic.v1.messagePublished","eventFilters":{"topic":"add-character"},"retry":false},"entryPoint":"character"}},"specVersion":"v1alpha1","requiredAPIs":[],"extensions":{}}
[debug] [2024-12-18T07:41:14.267Z] defaultcredentials: writing to file /home/codespace/.config/firebase/jameswgunterlll_gmail_com_application_default_credentials.json
[debug] [2024-12-18T07:41:14.270Z] Setting GAC to /home/codespace/.config/firebase/jameswgunterlll_gmail_com_application_default_credentials.json {"metadata":{"emulator":{"name":"functions"},"message":"Setting GAC to /home/codespace/.config/firebase/jameswgunterlll_gmail_com_application_default_credentials.json"}}
[info] ✔  functions: Loaded functions definitions from source: coreLogic, character. {"metadata":{"emulator":{"name":"functions"},"message":"Loaded functions definitions from source: coreLogic, character."}}
[debug] [2024-12-18T07:41:20.597Z] File /workspaces/Youtube-Bot/functions/index.js changed, reloading triggers {"metadata":{"emulator":{"name":"functions"},"message":"File /workspaces/Youtube-Bot/functions/index.js changed, reloading triggers"}}
[debug] [2024-12-18T07:41:21.598Z] Validating nodejs source
[debug] [2024-12-18T07:41:22.018Z] > [functions] package.json contents: {
  "name": "functions",
  "description": "Cloud Functions for Firebase",
  "scripts": {
    "lint": "eslint .",
    "serve": "firebase emulators:start --only functions",
    "shell": "firebase functions:shell",
    "start": "npm run shell",
    "deploy": "firebase deploy --only functions",
    "logs": "firebase functions:log"
  },
  "engines": {
    "node": "18"
  },
  "main": "index.js",
  "dependencies": {
    "@ffmpeg/ffmpeg": "^0.12.10",
    "@ffmpeg/util": "^0.12.1",
    "@google/generative-ai": "^0.21.0",
    "axios": "^1.7.7",
    "canvas": "^2.11.2",
    "cloudinary": "^2.5.1",
    "cmudict": "^1.0.2",
    "firebase-admin": "^12.7.0",
    "firebase-functions": "^6.1.2",
    "fluent-ffmpeg": "^2.1.3",
    "fs-extra": "^11.2.0",
    "node-fetch": "^3.3.2",
    "youtube-dl-exec": "^3.0.10"
  },
  "devDependencies": {
    "eslint": "^8.15.0",
    "eslint-config-google": "^0.14.0",
    "firebase-functions-test": "^3.3.0"
  },
  "private": true
}
[debug] [2024-12-18T07:41:22.018Z] Building nodejs source
[debug] [2024-12-18T07:41:22.018Z] Failed to find version of module node: reached end of search path /workspaces/Youtube-Bot/functions/node_modules
[warn] ⚠  functions: Your requested "node" version "18" doesn't match your global version "20". Using node@20 from host. 
[info] i  functions: Loaded environment variables from .env. 
[debug] [2024-12-18T07:41:22.021Z] Could not find functions.yaml. Must use http discovery
[debug] [2024-12-18T07:41:22.022Z] Found firebase-functions binary at '/workspaces/Youtube-Bot/functions/node_modules/.bin/firebase-functions'
[info] Serving at port 8177

[debug] [2024-12-18T07:41:22.637Z] Got response from /__/functions.yaml {"endpoints":{"coreLogic":{"availableMemoryMb":2048,"timeoutSeconds":540,"minInstances":0,"maxInstances":100,"ingressSettings":null,"concurrency":null,"serviceAccountEmail":null,"vpc":null,"platform":"gcfv2","labels":{},"httpsTrigger":{},"entryPoint":"coreLogic"},"character":{"availableMemoryMb":null,"timeoutSeconds":null,"minInstances":null,"maxInstances":null,"ingressSettings":null,"concurrency":null,"serviceAccountEmail":null,"vpc":null,"platform":"gcfv2","labels":{},"eventTrigger":{"eventType":"google.cloud.pubsub.topic.v1.messagePublished","eventFilters":{"topic":"add-character"},"retry":false},"entryPoint":"character"}},"specVersion":"v1alpha1","requiredAPIs":[],"extensions":{}}
[debug] [2024-12-18T07:41:27.653Z] defaultcredentials: writing to file /home/codespace/.config/firebase/jameswgunterlll_gmail_com_application_default_credentials.json
[debug] [2024-12-18T07:41:27.655Z] Setting GAC to /home/codespace/.config/firebase/jameswgunterlll_gmail_com_application_default_credentials.json {"metadata":{"emulator":{"name":"functions"},"message":"Setting GAC to /home/codespace/.config/firebase/jameswgunterlll_gmail_com_application_default_credentials.json"}}
[info] ✔  functions: Loaded functions definitions from source: coreLogic, character. {"metadata":{"emulator":{"name":"functions"},"message":"Loaded functions definitions from source: coreLogic, character."}}
